[02-Sep-2025 09:18:35 UTC] PHP Fatal error:  Uncaught Error: mysqli_stmt object is already closed in C:\wamp64\www\TMS\public\basic\add_vehicle.php:71
Stack trace:
#0 C:\wamp64\www\TMS\public\basic\add_vehicle.php(71): mysqli_stmt->close()
#1 {main}
  thrown in C:\wamp64\www\TMS\public\basic\add_vehicle.php on line 71
[09-Sep-2025 07:30:29 UTC] PHP Fatal error:  Uncaught mysqli_sql_exception: Unknown column 'vehicle.fuel_rate_id' in 'on clause' in C:\wamp64\www\TMS\public\basic\vehicle.php:158
Stack trace:
#0 C:\wamp64\www\TMS\public\basic\vehicle.php(158): mysqli->prepare('SELECT vehicle....')
#1 {main}
  thrown in C:\wamp64\www\TMS\public\basic\vehicle.php on line 158
[09-Sep-2025 07:30:58 UTC] PHP Fatal error:  Uncaught mysqli_sql_exception: Unknown column 'vehicle.fuel_rate_id' in 'on clause' in C:\wamp64\www\TMS\public\basic\vehicle.php:158
Stack trace:
#0 C:\wamp64\www\TMS\public\basic\vehicle.php(158): mysqli->prepare('SELECT vehicle....')
#1 {main}
  thrown in C:\wamp64\www\TMS\public\basic\vehicle.php on line 158
[09-Sep-2025 07:33:01 UTC] PHP Fatal error:  Uncaught mysqli_sql_exception: Unknown column 'vehicle.fuel_rate_id' in 'on clause' in C:\wamp64\www\TMS\public\basic\vehicle.php:158
Stack trace:
#0 C:\wamp64\www\TMS\public\basic\vehicle.php(158): mysqli->prepare('SELECT vehicle....')
#1 {main}
  thrown in C:\wamp64\www\TMS\public\basic\vehicle.php on line 158
[09-Sep-2025 07:33:27 UTC] PHP Fatal error:  Uncaught mysqli_sql_exception: Unknown column 'fuel_rate_id' in 'field list' in C:\wamp64\www\TMS\public\basic\vehicle.php:136
Stack trace:
#0 C:\wamp64\www\TMS\public\basic\vehicle.php(136): mysqli->query('SELECT fuel_rat...')
#1 {main}
  thrown in C:\wamp64\www\TMS\public\basic\vehicle.php on line 136
[08-Oct-2025 16:16:07 UTC] PHP Warning:  Undefined array key "c_id" in C:\wamp64\www\TMS\public\basic\add_vehicle.php on line 210
[08-Oct-2025 16:16:07 UTC] PHP Stack trace:
[08-Oct-2025 16:16:07 UTC] PHP   1. {main}() C:\wamp64\www\TMS\public\basic\add_vehicle.php:0
[08-Oct-2025 16:16:07 UTC] PHP Deprecated:  htmlspecialchars(): Passing null to parameter #1 ($string) of type string is deprecated in C:\wamp64\www\TMS\public\basic\add_vehicle.php on line 210
[08-Oct-2025 16:16:07 UTC] PHP Stack trace:
[08-Oct-2025 16:16:07 UTC] PHP   1. {main}() C:\wamp64\www\TMS\public\basic\add_vehicle.php:0
[08-Oct-2025 16:16:07 UTC] PHP   2. htmlspecialchars($string = NULL) C:\wamp64\www\TMS\public\basic\add_vehicle.php:210
[08-Oct-2025 16:16:07 UTC] PHP Warning:  Undefined array key "c_type" in C:\wamp64\www\TMS\public\basic\add_vehicle.php on line 211
[08-Oct-2025 16:16:07 UTC] PHP Stack trace:
[08-Oct-2025 16:16:07 UTC] PHP   1. {main}() C:\wamp64\www\TMS\public\basic\add_vehicle.php:0
[08-Oct-2025 16:16:07 UTC] PHP Deprecated:  htmlspecialchars(): Passing null to parameter #1 ($string) of type string is deprecated in C:\wamp64\www\TMS\public\basic\add_vehicle.php on line 211
[08-Oct-2025 16:16:07 UTC] PHP Stack trace:
[08-Oct-2025 16:16:07 UTC] PHP   1. {main}() C:\wamp64\www\TMS\public\basic\add_vehicle.php:0
[08-Oct-2025 16:16:07 UTC] PHP   2. htmlspecialchars($string = NULL) C:\wamp64\www\TMS\public\basic\add_vehicle.php:211
[08-Oct-2025 16:16:07 UTC] PHP Warning:  Undefined array key "c_id" in C:\wamp64\www\TMS\public\basic\add_vehicle.php on line 210
[08-Oct-2025 16:16:07 UTC] PHP Stack trace:
[08-Oct-2025 16:16:07 UTC] PHP   1. {main}() C:\wamp64\www\TMS\public\basic\add_vehicle.php:0
[08-Oct-2025 16:16:07 UTC] PHP Deprecated:  htmlspecialchars(): Passing null to parameter #1 ($string) of type string is deprecated in C:\wamp64\www\TMS\public\basic\add_vehicle.php on line 210
[08-Oct-2025 16:16:07 UTC] PHP Stack trace:
[08-Oct-2025 16:16:07 UTC] PHP   1. {main}() C:\wamp64\www\TMS\public\basic\add_vehicle.php:0
[08-Oct-2025 16:16:07 UTC] PHP   2. htmlspecialchars($string = NULL) C:\wamp64\www\TMS\public\basic\add_vehicle.php:210
[08-Oct-2025 16:16:07 UTC] PHP Warning:  Undefined array key "c_type" in C:\wamp64\www\TMS\public\basic\add_vehicle.php on line 211
[08-Oct-2025 16:16:07 UTC] PHP Stack trace:
[08-Oct-2025 16:16:07 UTC] PHP   1. {main}() C:\wamp64\www\TMS\public\basic\add_vehicle.php:0
[08-Oct-2025 16:16:07 UTC] PHP Deprecated:  htmlspecialchars(): Passing null to parameter #1 ($string) of type string is deprecated in C:\wamp64\www\TMS\public\basic\add_vehicle.php on line 211
[08-Oct-2025 16:16:07 UTC] PHP Stack trace:
[08-Oct-2025 16:16:07 UTC] PHP   1. {main}() C:\wamp64\www\TMS\public\basic\add_vehicle.php:0
[08-Oct-2025 16:16:07 UTC] PHP   2. htmlspecialchars($string = NULL) C:\wamp64\www\TMS\public\basic\add_vehicle.php:211
