[10-Sep-2025 10:46:59 UTC] PHP Warning:  Undefined variable $conn in C:\wamp64\www\TMS\public\registers\add_records\add_night_emergency_vehicle.php on line 70
[10-Sep-2025 10:46:59 UTC] PHP Stack trace:
[10-Sep-2025 10:46:59 UTC] PHP   1. {main}() C:\wamp64\www\TMS\public\registers\add_records\add_night_emergency_vehicle.php:0
[10-Sep-2025 10:46:59 UTC] PHP Fatal error:  Uncaught Error: Call to a member function query() on null in C:\wamp64\www\TMS\public\registers\add_records\add_night_emergency_vehicle.php:70
Stack trace:
#0 {main}
  thrown in C:\wamp64\www\TMS\public\registers\add_records\add_night_emergency_vehicle.php on line 70
[10-Sep-2025 10:47:58 UTC] PHP Fatal error:  Uncaught mysqli_sql_exception: Table 'transport.employee' doesn't exist in C:\wamp64\www\TMS\public\registers\add_records\add_night_emergency_vehicle.php:80
Stack trace:
#0 C:\wamp64\www\TMS\public\registers\add_records\add_night_emergency_vehicle.php(80): mysqli->query('SELECT DISTINCT...')
#1 {main}
  thrown in C:\wamp64\www\TMS\public\registers\add_records\add_night_emergency_vehicle.php on line 80
[10-Sep-2025 10:48:04 UTC] PHP Fatal error:  Uncaught mysqli_sql_exception: Table 'transport.employee' doesn't exist in C:\wamp64\www\TMS\public\registers\add_records\add_night_emergency_vehicle.php:80
Stack trace:
#0 C:\wamp64\www\TMS\public\registers\add_records\add_night_emergency_vehicle.php(80): mysqli->query('SELECT DISTINCT...')
#1 {main}
  thrown in C:\wamp64\www\TMS\public\registers\add_records\add_night_emergency_vehicle.php on line 80
[10-Sep-2025 10:48:24 UTC] PHP Fatal error:  Uncaught mysqli_sql_exception: Table 'transport.employee' doesn't exist in C:\wamp64\www\TMS\public\registers\add_records\add_night_emergency_vehicle.php:80
Stack trace:
#0 C:\wamp64\www\TMS\public\registers\add_records\add_night_emergency_vehicle.php(80): mysqli->query('SELECT DISTINCT...')
#1 {main}
  thrown in C:\wamp64\www\TMS\public\registers\add_records\add_night_emergency_vehicle.php on line 80
[11-Sep-2025 03:01:14 UTC] PHP Fatal error:  Uncaught mysqli_sql_exception: Table 'transport.employee' doesn't exist in C:\wamp64\www\TMS\public\registers\add_records\add_night_emergency_vehicle.php:80
Stack trace:
#0 C:\wamp64\www\TMS\public\registers\add_records\add_night_emergency_vehicle.php(80): mysqli->query('SELECT DISTINCT...')
#1 {main}
  thrown in C:\wamp64\www\TMS\public\registers\add_records\add_night_emergency_vehicle.php on line 80
[11-Sep-2025 03:05:36 UTC] PHP Warning:  Undefined variable $conn in C:\wamp64\www\TMS\public\registers\add_records\add_night_emergency_vehicle.php on line 22
[11-Sep-2025 03:05:36 UTC] PHP Stack trace:
[11-Sep-2025 03:05:36 UTC] PHP   1. {main}() C:\wamp64\www\TMS\public\registers\add_records\add_night_emergency_vehicle.php:0
[11-Sep-2025 03:05:36 UTC] PHP Fatal error:  Uncaught Error: Call to a member function query() on null in C:\wamp64\www\TMS\public\registers\add_records\add_night_emergency_vehicle.php:22
Stack trace:
#0 {main}
  thrown in C:\wamp64\www\TMS\public\registers\add_records\add_night_emergency_vehicle.php on line 22
[11-Sep-2025 03:05:46 UTC] PHP Warning:  include(../../includes/header.php): Failed to open stream: No such file or directory in C:\wamp64\www\TMS\public\registers\add_records\add_night_emergency_vehicle.php on line 30
[11-Sep-2025 03:05:46 UTC] PHP Stack trace:
[11-Sep-2025 03:05:46 UTC] PHP   1. {main}() C:\wamp64\www\TMS\public\registers\add_records\add_night_emergency_vehicle.php:0
[11-Sep-2025 03:05:46 UTC] PHP Warning:  include(): Failed opening '../../includes/header.php' for inclusion (include_path='.;C:\php\pear') in C:\wamp64\www\TMS\public\registers\add_records\add_night_emergency_vehicle.php on line 30
[11-Sep-2025 03:05:46 UTC] PHP Stack trace:
[11-Sep-2025 03:05:46 UTC] PHP   1. {main}() C:\wamp64\www\TMS\public\registers\add_records\add_night_emergency_vehicle.php:0
[11-Sep-2025 03:05:46 UTC] PHP Warning:  include(../../includes/navbar.php): Failed to open stream: No such file or directory in C:\wamp64\www\TMS\public\registers\add_records\add_night_emergency_vehicle.php on line 31
[11-Sep-2025 03:05:46 UTC] PHP Stack trace:
[11-Sep-2025 03:05:46 UTC] PHP   1. {main}() C:\wamp64\www\TMS\public\registers\add_records\add_night_emergency_vehicle.php:0
[11-Sep-2025 03:05:46 UTC] PHP Warning:  include(): Failed opening '../../includes/navbar.php' for inclusion (include_path='.;C:\php\pear') in C:\wamp64\www\TMS\public\registers\add_records\add_night_emergency_vehicle.php on line 31
[11-Sep-2025 03:05:46 UTC] PHP Stack trace:
[11-Sep-2025 03:05:46 UTC] PHP   1. {main}() C:\wamp64\www\TMS\public\registers\add_records\add_night_emergency_vehicle.php:0
[11-Sep-2025 03:05:46 UTC] PHP Warning:  include(../../includes/footer.php): Failed to open stream: No such file or directory in C:\wamp64\www\TMS\public\registers\add_records\add_night_emergency_vehicle.php on line 188
[11-Sep-2025 03:05:46 UTC] PHP Stack trace:
[11-Sep-2025 03:05:46 UTC] PHP   1. {main}() C:\wamp64\www\TMS\public\registers\add_records\add_night_emergency_vehicle.php:0
[11-Sep-2025 03:05:46 UTC] PHP Warning:  include(): Failed opening '../../includes/footer.php' for inclusion (include_path='.;C:\php\pear') in C:\wamp64\www\TMS\public\registers\add_records\add_night_emergency_vehicle.php on line 188
[11-Sep-2025 03:05:46 UTC] PHP Stack trace:
[11-Sep-2025 03:05:46 UTC] PHP   1. {main}() C:\wamp64\www\TMS\public\registers\add_records\add_night_emergency_vehicle.php:0
[11-Sep-2025 03:06:49 UTC] PHP Warning:  include(../../includes/header.php): Failed to open stream: No such file or directory in C:\wamp64\www\TMS\public\registers\add_records\add_night_emergency_vehicle.php on line 30
[11-Sep-2025 03:06:49 UTC] PHP Stack trace:
[11-Sep-2025 03:06:49 UTC] PHP   1. {main}() C:\wamp64\www\TMS\public\registers\add_records\add_night_emergency_vehicle.php:0
[11-Sep-2025 03:06:49 UTC] PHP Warning:  include(): Failed opening '../../includes/header.php' for inclusion (include_path='.;C:\php\pear') in C:\wamp64\www\TMS\public\registers\add_records\add_night_emergency_vehicle.php on line 30
[11-Sep-2025 03:06:49 UTC] PHP Stack trace:
[11-Sep-2025 03:06:49 UTC] PHP   1. {main}() C:\wamp64\www\TMS\public\registers\add_records\add_night_emergency_vehicle.php:0
[11-Sep-2025 03:06:49 UTC] PHP Warning:  include(../../includes/navbar.php): Failed to open stream: No such file or directory in C:\wamp64\www\TMS\public\registers\add_records\add_night_emergency_vehicle.php on line 31
[11-Sep-2025 03:06:49 UTC] PHP Stack trace:
[11-Sep-2025 03:06:49 UTC] PHP   1. {main}() C:\wamp64\www\TMS\public\registers\add_records\add_night_emergency_vehicle.php:0
[11-Sep-2025 03:06:49 UTC] PHP Warning:  include(): Failed opening '../../includes/navbar.php' for inclusion (include_path='.;C:\php\pear') in C:\wamp64\www\TMS\public\registers\add_records\add_night_emergency_vehicle.php on line 31
[11-Sep-2025 03:06:49 UTC] PHP Stack trace:
[11-Sep-2025 03:06:49 UTC] PHP   1. {main}() C:\wamp64\www\TMS\public\registers\add_records\add_night_emergency_vehicle.php:0
[11-Sep-2025 03:06:49 UTC] PHP Warning:  include(../../includes/footer.php): Failed to open stream: No such file or directory in C:\wamp64\www\TMS\public\registers\add_records\add_night_emergency_vehicle.php on line 188
[11-Sep-2025 03:06:49 UTC] PHP Stack trace:
[11-Sep-2025 03:06:49 UTC] PHP   1. {main}() C:\wamp64\www\TMS\public\registers\add_records\add_night_emergency_vehicle.php:0
[11-Sep-2025 03:06:49 UTC] PHP Warning:  include(): Failed opening '../../includes/footer.php' for inclusion (include_path='.;C:\php\pear') in C:\wamp64\www\TMS\public\registers\add_records\add_night_emergency_vehicle.php on line 188
[11-Sep-2025 03:06:49 UTC] PHP Stack trace:
[11-Sep-2025 03:06:49 UTC] PHP   1. {main}() C:\wamp64\www\TMS\public\registers\add_records\add_night_emergency_vehicle.php:0
[11-Sep-2025 03:09:26 UTC] PHP Warning:  Undefined variable $conn in C:\wamp64\www\TMS\public\registers\add_records\add_night_emergency_vehicle.php on line 59
[11-Sep-2025 03:09:26 UTC] PHP Stack trace:
[11-Sep-2025 03:09:26 UTC] PHP   1. {main}() C:\wamp64\www\TMS\public\registers\add_records\add_night_emergency_vehicle.php:0
[11-Sep-2025 03:09:26 UTC] PHP Fatal error:  Uncaught Error: Call to a member function query() on null in C:\wamp64\www\TMS\public\registers\add_records\add_night_emergency_vehicle.php:59
Stack trace:
#0 {main}
  thrown in C:\wamp64\www\TMS\public\registers\add_records\add_night_emergency_vehicle.php on line 59
[11-Sep-2025 03:09:47 UTC] PHP Warning:  include(../../includes/navbar.php): Failed to open stream: No such file or directory in C:\wamp64\www\TMS\public\registers\add_records\add_night_emergency_vehicle.php on line 68
[11-Sep-2025 03:09:47 UTC] PHP Stack trace:
[11-Sep-2025 03:09:47 UTC] PHP   1. {main}() C:\wamp64\www\TMS\public\registers\add_records\add_night_emergency_vehicle.php:0
[11-Sep-2025 03:09:47 UTC] PHP Warning:  include(): Failed opening '../../includes/navbar.php' for inclusion (include_path='.;C:\php\pear') in C:\wamp64\www\TMS\public\registers\add_records\add_night_emergency_vehicle.php on line 68
[11-Sep-2025 03:09:47 UTC] PHP Stack trace:
[11-Sep-2025 03:09:47 UTC] PHP   1. {main}() C:\wamp64\www\TMS\public\registers\add_records\add_night_emergency_vehicle.php:0
[11-Sep-2025 03:09:47 UTC] PHP Warning:  include(../../includes/footer.php): Failed to open stream: No such file or directory in C:\wamp64\www\TMS\public\registers\add_records\add_night_emergency_vehicle.php on line 271
[11-Sep-2025 03:09:47 UTC] PHP Stack trace:
[11-Sep-2025 03:09:47 UTC] PHP   1. {main}() C:\wamp64\www\TMS\public\registers\add_records\add_night_emergency_vehicle.php:0
[11-Sep-2025 03:09:47 UTC] PHP Warning:  include(): Failed opening '../../includes/footer.php' for inclusion (include_path='.;C:\php\pear') in C:\wamp64\www\TMS\public\registers\add_records\add_night_emergency_vehicle.php on line 271
[11-Sep-2025 03:09:47 UTC] PHP Stack trace:
[11-Sep-2025 03:09:47 UTC] PHP   1. {main}() C:\wamp64\www\TMS\public\registers\add_records\add_night_emergency_vehicle.php:0
[11-Sep-2025 03:09:58 UTC] PHP Warning:  include(../../includes/footer.php): Failed to open stream: No such file or directory in C:\wamp64\www\TMS\public\registers\add_records\add_night_emergency_vehicle.php on line 271
[11-Sep-2025 03:09:58 UTC] PHP Stack trace:
[11-Sep-2025 03:09:58 UTC] PHP   1. {main}() C:\wamp64\www\TMS\public\registers\add_records\add_night_emergency_vehicle.php:0
[11-Sep-2025 03:09:58 UTC] PHP Warning:  include(): Failed opening '../../includes/footer.php' for inclusion (include_path='.;C:\php\pear') in C:\wamp64\www\TMS\public\registers\add_records\add_night_emergency_vehicle.php on line 271
[11-Sep-2025 03:09:58 UTC] PHP Stack trace:
[11-Sep-2025 03:09:58 UTC] PHP   1. {main}() C:\wamp64\www\TMS\public\registers\add_records\add_night_emergency_vehicle.php:0
[11-Sep-2025 03:12:11 UTC] PHP Warning:  include(../../includes/footer.php): Failed to open stream: No such file or directory in C:\wamp64\www\TMS\public\registers\add_records\add_night_emergency_vehicle.php on line 271
[11-Sep-2025 03:12:11 UTC] PHP Stack trace:
[11-Sep-2025 03:12:11 UTC] PHP   1. {main}() C:\wamp64\www\TMS\public\registers\add_records\add_night_emergency_vehicle.php:0
[11-Sep-2025 03:12:11 UTC] PHP Warning:  include(): Failed opening '../../includes/footer.php' for inclusion (include_path='.;C:\php\pear') in C:\wamp64\www\TMS\public\registers\add_records\add_night_emergency_vehicle.php on line 271
[11-Sep-2025 03:12:11 UTC] PHP Stack trace:
[11-Sep-2025 03:12:11 UTC] PHP   1. {main}() C:\wamp64\www\TMS\public\registers\add_records\add_night_emergency_vehicle.php:0
[11-Sep-2025 03:14:34 UTC] PHP Warning:  include(../../includes/footer.php): Failed to open stream: No such file or directory in C:\wamp64\www\TMS\public\registers\add_records\add_night_emergency_vehicle.php on line 271
[11-Sep-2025 03:14:34 UTC] PHP Stack trace:
[11-Sep-2025 03:14:34 UTC] PHP   1. {main}() C:\wamp64\www\TMS\public\registers\add_records\add_night_emergency_vehicle.php:0
[11-Sep-2025 03:14:34 UTC] PHP Warning:  include(): Failed opening '../../includes/footer.php' for inclusion (include_path='.;C:\php\pear') in C:\wamp64\www\TMS\public\registers\add_records\add_night_emergency_vehicle.php on line 271
[11-Sep-2025 03:14:34 UTC] PHP Stack trace:
[11-Sep-2025 03:14:34 UTC] PHP   1. {main}() C:\wamp64\www\TMS\public\registers\add_records\add_night_emergency_vehicle.php:0
[11-Sep-2025 03:41:27 UTC] PHP Warning:  include(../../includes/footer.php): Failed to open stream: No such file or directory in C:\wamp64\www\TMS\public\registers\add_records\add_night_emergency_vehicle.php on line 271
[11-Sep-2025 03:41:27 UTC] PHP Stack trace:
[11-Sep-2025 03:41:27 UTC] PHP   1. {main}() C:\wamp64\www\TMS\public\registers\add_records\add_night_emergency_vehicle.php:0
[11-Sep-2025 03:41:27 UTC] PHP Warning:  include(): Failed opening '../../includes/footer.php' for inclusion (include_path='.;C:\php\pear') in C:\wamp64\www\TMS\public\registers\add_records\add_night_emergency_vehicle.php on line 271
[11-Sep-2025 03:41:27 UTC] PHP Stack trace:
[11-Sep-2025 03:41:27 UTC] PHP   1. {main}() C:\wamp64\www\TMS\public\registers\add_records\add_night_emergency_vehicle.php:0
[11-Sep-2025 03:43:43 UTC] PHP Warning:  include(../../includes/footer.php): Failed to open stream: No such file or directory in C:\wamp64\www\TMS\public\registers\add_records\add_night_emergency_vehicle.php on line 274
[11-Sep-2025 03:43:43 UTC] PHP Stack trace:
[11-Sep-2025 03:43:43 UTC] PHP   1. {main}() C:\wamp64\www\TMS\public\registers\add_records\add_night_emergency_vehicle.php:0
[11-Sep-2025 03:43:43 UTC] PHP Warning:  include(): Failed opening '../../includes/footer.php' for inclusion (include_path='.;C:\php\pear') in C:\wamp64\www\TMS\public\registers\add_records\add_night_emergency_vehicle.php on line 274
[11-Sep-2025 03:43:43 UTC] PHP Stack trace:
[11-Sep-2025 03:43:43 UTC] PHP   1. {main}() C:\wamp64\www\TMS\public\registers\add_records\add_night_emergency_vehicle.php:0
[11-Sep-2025 03:43:59 UTC] PHP Warning:  include(../../includes/footer.php): Failed to open stream: No such file or directory in C:\wamp64\www\TMS\public\registers\add_records\add_night_emergency_vehicle.php on line 274
[11-Sep-2025 03:43:59 UTC] PHP Stack trace:
[11-Sep-2025 03:43:59 UTC] PHP   1. {main}() C:\wamp64\www\TMS\public\registers\add_records\add_night_emergency_vehicle.php:0
[11-Sep-2025 03:43:59 UTC] PHP Warning:  include(): Failed opening '../../includes/footer.php' for inclusion (include_path='.;C:\php\pear') in C:\wamp64\www\TMS\public\registers\add_records\add_night_emergency_vehicle.php on line 274
[11-Sep-2025 03:43:59 UTC] PHP Stack trace:
[11-Sep-2025 03:43:59 UTC] PHP   1. {main}() C:\wamp64\www\TMS\public\registers\add_records\add_night_emergency_vehicle.php:0
[11-Sep-2025 03:44:04 UTC] PHP Warning:  include(../../includes/footer.php): Failed to open stream: No such file or directory in C:\wamp64\www\TMS\public\registers\add_records\add_night_emergency_vehicle.php on line 274
[11-Sep-2025 03:44:04 UTC] PHP Stack trace:
[11-Sep-2025 03:44:04 UTC] PHP   1. {main}() C:\wamp64\www\TMS\public\registers\add_records\add_night_emergency_vehicle.php:0
[11-Sep-2025 03:44:04 UTC] PHP Warning:  include(): Failed opening '../../includes/footer.php' for inclusion (include_path='.;C:\php\pear') in C:\wamp64\www\TMS\public\registers\add_records\add_night_emergency_vehicle.php on line 274
[11-Sep-2025 03:44:04 UTC] PHP Stack trace:
[11-Sep-2025 03:44:04 UTC] PHP   1. {main}() C:\wamp64\www\TMS\public\registers\add_records\add_night_emergency_vehicle.php:0
[11-Sep-2025 03:44:11 UTC] PHP Warning:  include(../../includes/footer.php): Failed to open stream: No such file or directory in C:\wamp64\www\TMS\public\registers\add_records\add_night_emergency_vehicle.php on line 274
[11-Sep-2025 03:44:11 UTC] PHP Stack trace:
[11-Sep-2025 03:44:11 UTC] PHP   1. {main}() C:\wamp64\www\TMS\public\registers\add_records\add_night_emergency_vehicle.php:0
[11-Sep-2025 03:44:11 UTC] PHP Warning:  include(): Failed opening '../../includes/footer.php' for inclusion (include_path='.;C:\php\pear') in C:\wamp64\www\TMS\public\registers\add_records\add_night_emergency_vehicle.php on line 274
[11-Sep-2025 03:44:11 UTC] PHP Stack trace:
[11-Sep-2025 03:44:11 UTC] PHP   1. {main}() C:\wamp64\www\TMS\public\registers\add_records\add_night_emergency_vehicle.php:0
[11-Sep-2025 03:44:17 UTC] PHP Warning:  include(../../includes/footer.php): Failed to open stream: No such file or directory in C:\wamp64\www\TMS\public\registers\add_records\add_night_emergency_vehicle.php on line 274
[11-Sep-2025 03:44:17 UTC] PHP Stack trace:
[11-Sep-2025 03:44:17 UTC] PHP   1. {main}() C:\wamp64\www\TMS\public\registers\add_records\add_night_emergency_vehicle.php:0
[11-Sep-2025 03:44:17 UTC] PHP Warning:  include(): Failed opening '../../includes/footer.php' for inclusion (include_path='.;C:\php\pear') in C:\wamp64\www\TMS\public\registers\add_records\add_night_emergency_vehicle.php on line 274
[11-Sep-2025 03:44:17 UTC] PHP Stack trace:
[11-Sep-2025 03:44:17 UTC] PHP   1. {main}() C:\wamp64\www\TMS\public\registers\add_records\add_night_emergency_vehicle.php:0
[11-Sep-2025 03:44:22 UTC] PHP Warning:  include(../../includes/footer.php): Failed to open stream: No such file or directory in C:\wamp64\www\TMS\public\registers\add_records\add_night_emergency_vehicle.php on line 274
[11-Sep-2025 03:44:22 UTC] PHP Stack trace:
[11-Sep-2025 03:44:22 UTC] PHP   1. {main}() C:\wamp64\www\TMS\public\registers\add_records\add_night_emergency_vehicle.php:0
[11-Sep-2025 03:44:22 UTC] PHP Warning:  include(): Failed opening '../../includes/footer.php' for inclusion (include_path='.;C:\php\pear') in C:\wamp64\www\TMS\public\registers\add_records\add_night_emergency_vehicle.php on line 274
[11-Sep-2025 03:44:22 UTC] PHP Stack trace:
[11-Sep-2025 03:44:22 UTC] PHP   1. {main}() C:\wamp64\www\TMS\public\registers\add_records\add_night_emergency_vehicle.php:0
[11-Sep-2025 03:44:31 UTC] PHP Warning:  include(../../includes/footer.php): Failed to open stream: No such file or directory in C:\wamp64\www\TMS\public\registers\add_records\add_night_emergency_vehicle.php on line 274
[11-Sep-2025 03:44:31 UTC] PHP Stack trace:
[11-Sep-2025 03:44:31 UTC] PHP   1. {main}() C:\wamp64\www\TMS\public\registers\add_records\add_night_emergency_vehicle.php:0
[11-Sep-2025 03:44:31 UTC] PHP Warning:  include(): Failed opening '../../includes/footer.php' for inclusion (include_path='.;C:\php\pear') in C:\wamp64\www\TMS\public\registers\add_records\add_night_emergency_vehicle.php on line 274
[11-Sep-2025 03:44:31 UTC] PHP Stack trace:
[11-Sep-2025 03:44:31 UTC] PHP   1. {main}() C:\wamp64\www\TMS\public\registers\add_records\add_night_emergency_vehicle.php:0
[11-Sep-2025 03:44:47 UTC] PHP Warning:  include(../../includes/footer.php): Failed to open stream: No such file or directory in C:\wamp64\www\TMS\public\registers\add_records\add_night_emergency_vehicle.php on line 274
[11-Sep-2025 03:44:47 UTC] PHP Stack trace:
[11-Sep-2025 03:44:47 UTC] PHP   1. {main}() C:\wamp64\www\TMS\public\registers\add_records\add_night_emergency_vehicle.php:0
[11-Sep-2025 03:44:47 UTC] PHP Warning:  include(): Failed opening '../../includes/footer.php' for inclusion (include_path='.;C:\php\pear') in C:\wamp64\www\TMS\public\registers\add_records\add_night_emergency_vehicle.php on line 274
[11-Sep-2025 03:44:47 UTC] PHP Stack trace:
[11-Sep-2025 03:44:47 UTC] PHP   1. {main}() C:\wamp64\www\TMS\public\registers\add_records\add_night_emergency_vehicle.php:0
[11-Sep-2025 03:44:58 UTC] PHP Warning:  include(../../includes/footer.php): Failed to open stream: No such file or directory in C:\wamp64\www\TMS\public\registers\add_records\add_night_emergency_vehicle.php on line 274
[11-Sep-2025 03:44:58 UTC] PHP Stack trace:
[11-Sep-2025 03:44:58 UTC] PHP   1. {main}() C:\wamp64\www\TMS\public\registers\add_records\add_night_emergency_vehicle.php:0
[11-Sep-2025 03:44:58 UTC] PHP Warning:  include(): Failed opening '../../includes/footer.php' for inclusion (include_path='.;C:\php\pear') in C:\wamp64\www\TMS\public\registers\add_records\add_night_emergency_vehicle.php on line 274
[11-Sep-2025 03:44:58 UTC] PHP Stack trace:
[11-Sep-2025 03:44:58 UTC] PHP   1. {main}() C:\wamp64\www\TMS\public\registers\add_records\add_night_emergency_vehicle.php:0
[11-Sep-2025 03:45:22 UTC] PHP Warning:  include(../../includes/footer.php): Failed to open stream: No such file or directory in C:\wamp64\www\TMS\public\registers\add_records\add_night_emergency_vehicle.php on line 274
[11-Sep-2025 03:45:22 UTC] PHP Stack trace:
[11-Sep-2025 03:45:22 UTC] PHP   1. {main}() C:\wamp64\www\TMS\public\registers\add_records\add_night_emergency_vehicle.php:0
[11-Sep-2025 03:45:22 UTC] PHP Warning:  include(): Failed opening '../../includes/footer.php' for inclusion (include_path='.;C:\php\pear') in C:\wamp64\www\TMS\public\registers\add_records\add_night_emergency_vehicle.php on line 274
[11-Sep-2025 03:45:22 UTC] PHP Stack trace:
[11-Sep-2025 03:45:22 UTC] PHP   1. {main}() C:\wamp64\www\TMS\public\registers\add_records\add_night_emergency_vehicle.php:0
[11-Sep-2025 03:45:29 UTC] PHP Warning:  include(../../includes/footer.php): Failed to open stream: No such file or directory in C:\wamp64\www\TMS\public\registers\add_records\add_night_emergency_vehicle.php on line 274
[11-Sep-2025 03:45:29 UTC] PHP Stack trace:
[11-Sep-2025 03:45:29 UTC] PHP   1. {main}() C:\wamp64\www\TMS\public\registers\add_records\add_night_emergency_vehicle.php:0
[11-Sep-2025 03:45:29 UTC] PHP Warning:  include(): Failed opening '../../includes/footer.php' for inclusion (include_path='.;C:\php\pear') in C:\wamp64\www\TMS\public\registers\add_records\add_night_emergency_vehicle.php on line 274
[11-Sep-2025 03:45:29 UTC] PHP Stack trace:
[11-Sep-2025 03:45:29 UTC] PHP   1. {main}() C:\wamp64\www\TMS\public\registers\add_records\add_night_emergency_vehicle.php:0
[11-Sep-2025 07:14:44 UTC] PHP Warning:  include(../../includes/footer.php): Failed to open stream: No such file or directory in C:\wamp64\www\TMS\public\registers\add_records\add_night_emergency_vehicle.php on line 274
[11-Sep-2025 07:14:44 UTC] PHP Stack trace:
[11-Sep-2025 07:14:44 UTC] PHP   1. {main}() C:\wamp64\www\TMS\public\registers\add_records\add_night_emergency_vehicle.php:0
[11-Sep-2025 07:14:44 UTC] PHP Warning:  include(): Failed opening '../../includes/footer.php' for inclusion (include_path='.;C:\php\pear') in C:\wamp64\www\TMS\public\registers\add_records\add_night_emergency_vehicle.php on line 274
[11-Sep-2025 07:14:44 UTC] PHP Stack trace:
[11-Sep-2025 07:14:44 UTC] PHP   1. {main}() C:\wamp64\www\TMS\public\registers\add_records\add_night_emergency_vehicle.php:0
[12-Sep-2025 13:53:52 UTC] PHP Warning:  include(../../includes/footer.php): Failed to open stream: No such file or directory in C:\wamp64\www\TMS\public\registers\add_records\add_night_emergency_vehicle.php on line 274
[12-Sep-2025 13:53:52 UTC] PHP Stack trace:
[12-Sep-2025 13:53:52 UTC] PHP   1. {main}() C:\wamp64\www\TMS\public\registers\add_records\add_night_emergency_vehicle.php:0
[12-Sep-2025 13:53:52 UTC] PHP Warning:  include(): Failed opening '../../includes/footer.php' for inclusion (include_path='.;C:\php\pear') in C:\wamp64\www\TMS\public\registers\add_records\add_night_emergency_vehicle.php on line 274
[12-Sep-2025 13:53:52 UTC] PHP Stack trace:
[12-Sep-2025 13:53:52 UTC] PHP   1. {main}() C:\wamp64\www\TMS\public\registers\add_records\add_night_emergency_vehicle.php:0
[15-Sep-2025 04:55:34 UTC] PHP Warning:  include(../../includes/footer.php): Failed to open stream: No such file or directory in C:\wamp64\www\TMS\public\registers\add_records\add_night_emergency_vehicle.php on line 274
[15-Sep-2025 04:55:34 UTC] PHP Stack trace:
[15-Sep-2025 04:55:34 UTC] PHP   1. {main}() C:\wamp64\www\TMS\public\registers\add_records\add_night_emergency_vehicle.php:0
[15-Sep-2025 04:55:34 UTC] PHP Warning:  include(): Failed opening '../../includes/footer.php' for inclusion (include_path='.;C:\php\pear') in C:\wamp64\www\TMS\public\registers\add_records\add_night_emergency_vehicle.php on line 274
[15-Sep-2025 04:55:34 UTC] PHP Stack trace:
[15-Sep-2025 04:55:34 UTC] PHP   1. {main}() C:\wamp64\www\TMS\public\registers\add_records\add_night_emergency_vehicle.php:0
[15-Sep-2025 04:55:39 UTC] PHP Warning:  include(../../includes/footer.php): Failed to open stream: No such file or directory in C:\wamp64\www\TMS\public\registers\add_records\add_night_emergency_vehicle.php on line 274
[15-Sep-2025 04:55:39 UTC] PHP Stack trace:
[15-Sep-2025 04:55:39 UTC] PHP   1. {main}() C:\wamp64\www\TMS\public\registers\add_records\add_night_emergency_vehicle.php:0
[15-Sep-2025 04:55:39 UTC] PHP Warning:  include(): Failed opening '../../includes/footer.php' for inclusion (include_path='.;C:\php\pear') in C:\wamp64\www\TMS\public\registers\add_records\add_night_emergency_vehicle.php on line 274
[15-Sep-2025 04:55:39 UTC] PHP Stack trace:
[15-Sep-2025 04:55:39 UTC] PHP   1. {main}() C:\wamp64\www\TMS\public\registers\add_records\add_night_emergency_vehicle.php:0
[15-Sep-2025 04:57:50 UTC] PHP Warning:  include(../../includes/footer.php): Failed to open stream: No such file or directory in C:\wamp64\www\TMS\public\registers\add_records\add_night_emergency_vehicle.php on line 274
[15-Sep-2025 04:57:50 UTC] PHP Stack trace:
[15-Sep-2025 04:57:50 UTC] PHP   1. {main}() C:\wamp64\www\TMS\public\registers\add_records\add_night_emergency_vehicle.php:0
[15-Sep-2025 04:57:50 UTC] PHP Warning:  include(): Failed opening '../../includes/footer.php' for inclusion (include_path='.;C:\php\pear') in C:\wamp64\www\TMS\public\registers\add_records\add_night_emergency_vehicle.php on line 274
[15-Sep-2025 04:57:50 UTC] PHP Stack trace:
[15-Sep-2025 04:57:50 UTC] PHP   1. {main}() C:\wamp64\www\TMS\public\registers\add_records\add_night_emergency_vehicle.php:0
[19-Sep-2025 05:25:02 UTC] PHP Fatal error:  Uncaught mysqli_sql_exception: Unknown column 'driver_name' in 'field list' in C:\wamp64\www\TMS\public\registers\add_records\add_night_emergency_vehicle.php:62
Stack trace:
#0 C:\wamp64\www\TMS\public\registers\add_records\add_night_emergency_vehicle.php(62): mysqli->prepare('SELECT vehicle_...')
#1 {main}
  thrown in C:\wamp64\www\TMS\public\registers\add_records\add_night_emergency_vehicle.php on line 62
[19-Sep-2025 05:25:14 UTC] PHP Fatal error:  Uncaught mysqli_sql_exception: Unknown column 'driver_name' in 'field list' in C:\wamp64\www\TMS\public\registers\add_records\add_night_emergency_vehicle.php:62
Stack trace:
#0 C:\wamp64\www\TMS\public\registers\add_records\add_night_emergency_vehicle.php(62): mysqli->prepare('SELECT vehicle_...')
#1 {main}
  thrown in C:\wamp64\www\TMS\public\registers\add_records\add_night_emergency_vehicle.php on line 62
[19-Sep-2025 05:25:19 UTC] PHP Fatal error:  Uncaught mysqli_sql_exception: Unknown column 'driver_name' in 'field list' in C:\wamp64\www\TMS\public\registers\add_records\add_night_emergency_vehicle.php:62
Stack trace:
#0 C:\wamp64\www\TMS\public\registers\add_records\add_night_emergency_vehicle.php(62): mysqli->prepare('SELECT vehicle_...')
#1 {main}
  thrown in C:\wamp64\www\TMS\public\registers\add_records\add_night_emergency_vehicle.php on line 62
[19-Sep-2025 05:25:25 UTC] PHP Fatal error:  Uncaught mysqli_sql_exception: Unknown column 'driver_name' in 'field list' in C:\wamp64\www\TMS\public\registers\add_records\add_night_emergency_vehicle.php:62
Stack trace:
#0 C:\wamp64\www\TMS\public\registers\add_records\add_night_emergency_vehicle.php(62): mysqli->prepare('SELECT vehicle_...')
#1 {main}
  thrown in C:\wamp64\www\TMS\public\registers\add_records\add_night_emergency_vehicle.php on line 62
[19-Sep-2025 05:25:28 UTC] PHP Fatal error:  Uncaught mysqli_sql_exception: Unknown column 'driver_name' in 'field list' in C:\wamp64\www\TMS\public\registers\add_records\add_night_emergency_vehicle.php:62
Stack trace:
#0 C:\wamp64\www\TMS\public\registers\add_records\add_night_emergency_vehicle.php(62): mysqli->prepare('SELECT vehicle_...')
#1 {main}
  thrown in C:\wamp64\www\TMS\public\registers\add_records\add_night_emergency_vehicle.php on line 62
[19-Sep-2025 05:25:36 UTC] PHP Fatal error:  Uncaught mysqli_sql_exception: Unknown column 'driver_name' in 'field list' in C:\wamp64\www\TMS\public\registers\add_records\add_night_emergency_vehicle.php:62
Stack trace:
#0 C:\wamp64\www\TMS\public\registers\add_records\add_night_emergency_vehicle.php(62): mysqli->prepare('SELECT vehicle_...')
#1 {main}
  thrown in C:\wamp64\www\TMS\public\registers\add_records\add_night_emergency_vehicle.php on line 62
[19-Sep-2025 05:27:22 UTC] PHP Fatal error:  Uncaught mysqli_sql_exception: Unknown column 'driver_name' in 'field list' in C:\wamp64\www\TMS\public\registers\add_records\add_night_emergency_vehicle.php:62
Stack trace:
#0 C:\wamp64\www\TMS\public\registers\add_records\add_night_emergency_vehicle.php(62): mysqli->prepare('SELECT vehicle_...')
#1 {main}
  thrown in C:\wamp64\www\TMS\public\registers\add_records\add_night_emergency_vehicle.php on line 62
[19-Sep-2025 05:27:41 UTC] PHP Fatal error:  Uncaught mysqli_sql_exception: Unknown column 'driver_name' in 'field list' in C:\wamp64\www\TMS\public\registers\add_records\add_night_emergency_vehicle.php:62
Stack trace:
#0 C:\wamp64\www\TMS\public\registers\add_records\add_night_emergency_vehicle.php(62): mysqli->prepare('SELECT vehicle_...')
#1 {main}
  thrown in C:\wamp64\www\TMS\public\registers\add_records\add_night_emergency_vehicle.php on line 62
[19-Sep-2025 05:28:38 UTC] PHP Fatal error:  Uncaught mysqli_sql_exception: Unknown column 'driver_name' in 'field list' in C:\wamp64\www\TMS\public\registers\add_records\add_night_emergency_vehicle.php:63
Stack trace:
#0 C:\wamp64\www\TMS\public\registers\add_records\add_night_emergency_vehicle.php(63): mysqli->prepare('SELECT vehicle_...')
#1 {main}
  thrown in C:\wamp64\www\TMS\public\registers\add_records\add_night_emergency_vehicle.php on line 63
[19-Sep-2025 05:30:01 UTC] PHP Warning:  Undefined array key "driver_name" in C:\wamp64\www\TMS\public\registers\add_records\add_night_emergency_vehicle.php on line 144
[19-Sep-2025 05:30:01 UTC] PHP Stack trace:
[19-Sep-2025 05:30:01 UTC] PHP   1. {main}() C:\wamp64\www\TMS\public\registers\add_records\add_night_emergency_vehicle.php:0
[19-Sep-2025 05:30:01 UTC] PHP Deprecated:  htmlspecialchars(): Passing null to parameter #1 ($string) of type string is deprecated in C:\wamp64\www\TMS\public\registers\add_records\add_night_emergency_vehicle.php on line 144
[19-Sep-2025 05:30:01 UTC] PHP Stack trace:
[19-Sep-2025 05:30:01 UTC] PHP   1. {main}() C:\wamp64\www\TMS\public\registers\add_records\add_night_emergency_vehicle.php:0
[19-Sep-2025 05:30:01 UTC] PHP   2. htmlspecialchars($string = NULL) C:\wamp64\www\TMS\public\registers\add_records\add_night_emergency_vehicle.php:144
[19-Sep-2025 06:44:40 UTC] PHP Warning:  Undefined array key "vehicle_no" in C:\wamp64\www\TMS\public\registers\add_records\add_night_emergency_vehicle.php on line 147
[19-Sep-2025 06:44:40 UTC] PHP Stack trace:
[19-Sep-2025 06:44:40 UTC] PHP   1. {main}() C:\wamp64\www\TMS\public\registers\add_records\add_night_emergency_vehicle.php:0
[19-Sep-2025 06:44:40 UTC] PHP Deprecated:  htmlspecialchars(): Passing null to parameter #1 ($string) of type string is deprecated in C:\wamp64\www\TMS\public\registers\add_records\add_night_emergency_vehicle.php on line 147
[19-Sep-2025 06:44:40 UTC] PHP Stack trace:
[19-Sep-2025 06:44:40 UTC] PHP   1. {main}() C:\wamp64\www\TMS\public\registers\add_records\add_night_emergency_vehicle.php:0
[19-Sep-2025 06:44:40 UTC] PHP   2. htmlspecialchars($string = NULL) C:\wamp64\www\TMS\public\registers\add_records\add_night_emergency_vehicle.php:147
[19-Sep-2025 06:46:29 UTC] PHP Warning:  Undefined array key "vehicle_no" in C:\wamp64\www\TMS\public\registers\add_records\add_night_emergency_vehicle.php on line 147
[19-Sep-2025 06:46:29 UTC] PHP Stack trace:
[19-Sep-2025 06:46:29 UTC] PHP   1. {main}() C:\wamp64\www\TMS\public\registers\add_records\add_night_emergency_vehicle.php:0
[19-Sep-2025 06:46:29 UTC] PHP Deprecated:  htmlspecialchars(): Passing null to parameter #1 ($string) of type string is deprecated in C:\wamp64\www\TMS\public\registers\add_records\add_night_emergency_vehicle.php on line 147
[19-Sep-2025 06:46:29 UTC] PHP Stack trace:
[19-Sep-2025 06:46:29 UTC] PHP   1. {main}() C:\wamp64\www\TMS\public\registers\add_records\add_night_emergency_vehicle.php:0
[19-Sep-2025 06:46:29 UTC] PHP   2. htmlspecialchars($string = NULL) C:\wamp64\www\TMS\public\registers\add_records\add_night_emergency_vehicle.php:147
[19-Sep-2025 06:46:29 UTC] PHP Warning:  Undefined array key "driver" in C:\wamp64\www\TMS\public\registers\add_records\add_night_emergency_vehicle.php on line 158
[19-Sep-2025 06:46:29 UTC] PHP Stack trace:
[19-Sep-2025 06:46:29 UTC] PHP   1. {main}() C:\wamp64\www\TMS\public\registers\add_records\add_night_emergency_vehicle.php:0
[19-Sep-2025 06:46:29 UTC] PHP Deprecated:  htmlspecialchars(): Passing null to parameter #1 ($string) of type string is deprecated in C:\wamp64\www\TMS\public\registers\add_records\add_night_emergency_vehicle.php on line 158
[19-Sep-2025 06:46:29 UTC] PHP Stack trace:
[19-Sep-2025 06:46:29 UTC] PHP   1. {main}() C:\wamp64\www\TMS\public\registers\add_records\add_night_emergency_vehicle.php:0
[19-Sep-2025 06:46:29 UTC] PHP   2. htmlspecialchars($string = NULL) C:\wamp64\www\TMS\public\registers\add_records\add_night_emergency_vehicle.php:158
[23-Sep-2025 08:36:12 UTC] PHP Fatal error:  Uncaught mysqli_sql_exception: Unknown column 'driver' in 'field list' in C:\wamp64\www\TMS\public\registers\add_records\add_night_emergency_vehicle.php:58
Stack trace:
#0 C:\wamp64\www\TMS\public\registers\add_records\add_night_emergency_vehicle.php(58): mysqli->prepare('SELECT vehicle_...')
#1 {main}
  thrown in C:\wamp64\www\TMS\public\registers\add_records\add_night_emergency_vehicle.php on line 58
[23-Sep-2025 08:36:40 UTC] PHP Warning:  Undefined array key "driver" in C:\wamp64\www\TMS\public\registers\add_records\add_night_emergency_vehicle.php on line 154
[23-Sep-2025 08:36:40 UTC] PHP Stack trace:
[23-Sep-2025 08:36:40 UTC] PHP   1. {main}() C:\wamp64\www\TMS\public\registers\add_records\add_night_emergency_vehicle.php:0
[23-Sep-2025 08:36:40 UTC] PHP Deprecated:  htmlspecialchars(): Passing null to parameter #1 ($string) of type string is deprecated in C:\wamp64\www\TMS\public\registers\add_records\add_night_emergency_vehicle.php on line 154
[23-Sep-2025 08:36:40 UTC] PHP Stack trace:
[23-Sep-2025 08:36:40 UTC] PHP   1. {main}() C:\wamp64\www\TMS\public\registers\add_records\add_night_emergency_vehicle.php:0
[23-Sep-2025 08:36:40 UTC] PHP   2. htmlspecialchars($string = NULL) C:\wamp64\www\TMS\public\registers\add_records\add_night_emergency_vehicle.php:154
[12-Oct-2025 14:56:24 UTC] PHP Warning:  Undefined array key "out_time" in C:\wamp64\www\TMS\public\registers\add_records\add_night_emergency_vehicle.php on line 19
[12-Oct-2025 14:56:24 UTC] PHP Stack trace:
[12-Oct-2025 14:56:24 UTC] PHP   1. {main}() C:\wamp64\www\TMS\public\registers\add_records\add_night_emergency_vehicle.php:0
[12-Oct-2025 14:56:24 UTC] PHP Deprecated:  trim(): Passing null to parameter #1 ($string) of type string is deprecated in C:\wamp64\www\TMS\public\registers\add_records\add_night_emergency_vehicle.php on line 19
[12-Oct-2025 14:56:24 UTC] PHP Stack trace:
[12-Oct-2025 14:56:24 UTC] PHP   1. {main}() C:\wamp64\www\TMS\public\registers\add_records\add_night_emergency_vehicle.php:0
[12-Oct-2025 14:56:24 UTC] PHP   2. trim($string = NULL) C:\wamp64\www\TMS\public\registers\add_records\add_night_emergency_vehicle.php:19
[12-Oct-2025 14:56:24 UTC] PHP Warning:  Undefined array key "description" in C:\wamp64\www\TMS\public\registers\add_records\add_night_emergency_vehicle.php on line 20
[12-Oct-2025 14:56:24 UTC] PHP Stack trace:
[12-Oct-2025 14:56:24 UTC] PHP   1. {main}() C:\wamp64\www\TMS\public\registers\add_records\add_night_emergency_vehicle.php:0
[12-Oct-2025 14:56:24 UTC] PHP Deprecated:  trim(): Passing null to parameter #1 ($string) of type string is deprecated in C:\wamp64\www\TMS\public\registers\add_records\add_night_emergency_vehicle.php on line 20
[12-Oct-2025 14:56:24 UTC] PHP Stack trace:
[12-Oct-2025 14:56:24 UTC] PHP   1. {main}() C:\wamp64\www\TMS\public\registers\add_records\add_night_emergency_vehicle.php:0
[12-Oct-2025 14:56:24 UTC] PHP   2. trim($string = NULL) C:\wamp64\www\TMS\public\registers\add_records\add_night_emergency_vehicle.php:20
[12-Oct-2025 14:57:03 UTC] PHP Warning:  Undefined array key "out_time" in C:\wamp64\www\TMS\public\registers\add_records\add_night_emergency_vehicle.php on line 19
[12-Oct-2025 14:57:03 UTC] PHP Stack trace:
[12-Oct-2025 14:57:03 UTC] PHP   1. {main}() C:\wamp64\www\TMS\public\registers\add_records\add_night_emergency_vehicle.php:0
[12-Oct-2025 14:57:03 UTC] PHP Deprecated:  trim(): Passing null to parameter #1 ($string) of type string is deprecated in C:\wamp64\www\TMS\public\registers\add_records\add_night_emergency_vehicle.php on line 19
[12-Oct-2025 14:57:03 UTC] PHP Stack trace:
[12-Oct-2025 14:57:03 UTC] PHP   1. {main}() C:\wamp64\www\TMS\public\registers\add_records\add_night_emergency_vehicle.php:0
[12-Oct-2025 14:57:03 UTC] PHP   2. trim($string = NULL) C:\wamp64\www\TMS\public\registers\add_records\add_night_emergency_vehicle.php:19
[12-Oct-2025 14:57:03 UTC] PHP Warning:  Undefined array key "description" in C:\wamp64\www\TMS\public\registers\add_records\add_night_emergency_vehicle.php on line 20
[12-Oct-2025 14:57:03 UTC] PHP Stack trace:
[12-Oct-2025 14:57:03 UTC] PHP   1. {main}() C:\wamp64\www\TMS\public\registers\add_records\add_night_emergency_vehicle.php:0
[12-Oct-2025 14:57:03 UTC] PHP Deprecated:  trim(): Passing null to parameter #1 ($string) of type string is deprecated in C:\wamp64\www\TMS\public\registers\add_records\add_night_emergency_vehicle.php on line 20
[12-Oct-2025 14:57:03 UTC] PHP Stack trace:
[12-Oct-2025 14:57:03 UTC] PHP   1. {main}() C:\wamp64\www\TMS\public\registers\add_records\add_night_emergency_vehicle.php:0
[12-Oct-2025 14:57:03 UTC] PHP   2. trim($string = NULL) C:\wamp64\www\TMS\public\registers\add_records\add_night_emergency_vehicle.php:20
[12-Oct-2025 14:58:55 UTC] PHP Warning:  Undefined array key "out_time" in C:\wamp64\www\TMS\public\registers\add_records\add_night_emergency_vehicle.php on line 19
[12-Oct-2025 14:58:55 UTC] PHP Stack trace:
[12-Oct-2025 14:58:55 UTC] PHP   1. {main}() C:\wamp64\www\TMS\public\registers\add_records\add_night_emergency_vehicle.php:0
[12-Oct-2025 14:58:55 UTC] PHP Deprecated:  trim(): Passing null to parameter #1 ($string) of type string is deprecated in C:\wamp64\www\TMS\public\registers\add_records\add_night_emergency_vehicle.php on line 19
[12-Oct-2025 14:58:55 UTC] PHP Stack trace:
[12-Oct-2025 14:58:55 UTC] PHP   1. {main}() C:\wamp64\www\TMS\public\registers\add_records\add_night_emergency_vehicle.php:0
[12-Oct-2025 14:58:55 UTC] PHP   2. trim($string = NULL) C:\wamp64\www\TMS\public\registers\add_records\add_night_emergency_vehicle.php:19
[12-Oct-2025 14:58:55 UTC] PHP Warning:  Undefined array key "description" in C:\wamp64\www\TMS\public\registers\add_records\add_night_emergency_vehicle.php on line 20
[12-Oct-2025 14:58:55 UTC] PHP Stack trace:
[12-Oct-2025 14:58:55 UTC] PHP   1. {main}() C:\wamp64\www\TMS\public\registers\add_records\add_night_emergency_vehicle.php:0
[12-Oct-2025 14:58:55 UTC] PHP Deprecated:  trim(): Passing null to parameter #1 ($string) of type string is deprecated in C:\wamp64\www\TMS\public\registers\add_records\add_night_emergency_vehicle.php on line 20
[12-Oct-2025 14:58:55 UTC] PHP Stack trace:
[12-Oct-2025 14:58:55 UTC] PHP   1. {main}() C:\wamp64\www\TMS\public\registers\add_records\add_night_emergency_vehicle.php:0
[12-Oct-2025 14:58:55 UTC] PHP   2. trim($string = NULL) C:\wamp64\www\TMS\public\registers\add_records\add_night_emergency_vehicle.php:20
[19-Oct-2025 19:55:44 Asia/Colombo] Transaction Failed: Unknown column 'direct_indirect' in 'field list'
